c:\users\zande\documents\github\imgui-docking\examples\example_glfw_opengl3\debug\vc143.pdb
c:\users\zande\documents\github\imgui-docking\examples\example_glfw_opengl3\debug\vc143.idb
c:\users\zande\documents\github\imgui-docking\examples\example_glfw_opengl3\debug\main.obj
c:\users\zande\documents\github\imgui-docking\examples\example_glfw_opengl3\debug\imgui_impl_opengl3.obj
c:\users\zande\documents\github\imgui-docking\examples\example_glfw_opengl3\debug\imgui_impl_glfw.obj
c:\users\zande\documents\github\imgui-docking\examples\example_glfw_opengl3\debug\imgui_widgets.obj
c:\users\zande\documents\github\imgui-docking\examples\example_glfw_opengl3\debug\imgui_tables.obj
c:\users\zande\documents\github\imgui-docking\examples\example_glfw_opengl3\debug\imgui_draw.obj
c:\users\zande\documents\github\imgui-docking\examples\example_glfw_opengl3\debug\imgui_demo.obj
c:\users\zande\documents\github\imgui-docking\examples\example_glfw_opengl3\debug\imgui.obj
c:\users\zande\documents\github\imgui-docking\examples\example_glfw_opengl3\debug\example_glfw_opengl3.ilk
c:\users\zande\documents\github\imgui-docking\examples\example_glfw_opengl3\debug\example_glfw_opengl3.exe
c:\users\zande\documents\github\imgui-docking\examples\example_glfw_opengl3\debug\example_glfw_opengl3.pdb
c:\users\zande\documents\github\imgui-docking\examples\example_glfw_opengl3\debug\example_glfw_opengl3.vcxproj.filelistabsolute.txt
c:\users\zande\documents\github\imgui-docking\examples\example_glfw_opengl3\debug\example_.4a1fb5ea.tlog\cl.command.1.tlog
c:\users\zande\documents\github\imgui-docking\examples\example_glfw_opengl3\debug\example_.4a1fb5ea.tlog\cl.items.tlog
c:\users\zande\documents\github\imgui-docking\examples\example_glfw_opengl3\debug\example_.4a1fb5ea.tlog\cl.read.1.tlog
c:\users\zande\documents\github\imgui-docking\examples\example_glfw_opengl3\debug\example_.4a1fb5ea.tlog\cl.write.1.tlog
c:\users\zande\documents\github\imgui-docking\examples\example_glfw_opengl3\debug\example_.4a1fb5ea.tlog\link.command.1.tlog
c:\users\zande\documents\github\imgui-docking\examples\example_glfw_opengl3\debug\example_.4a1fb5ea.tlog\link.read.1.tlog
c:\users\zande\documents\github\imgui-docking\examples\example_glfw_opengl3\debug\example_.4a1fb5ea.tlog\link.write.1.tlog
